# JRE version: Java(TM) SE Runtime Environment (8.0-b132) (build 1.8.0-b132)
# Java VM: Java HotSpot(TM) 64-Bit Server VM (25.0-b70 mixed mode windows-amd64 compressed oops)
Heap:
 PSYoungGen      total 146944K, used 25209K [0x00000000eab00000, 0x00000000ff980000, 0x0000000100000000)
  eden space 121344K, 0% used [0x00000000eab00000,0x00000000eab00000,0x00000000f2180000)
  from space 25600K, 98% used [0x00000000f2180000,0x00000000f3a1e748,0x00000000f3a80000)
  to   space 109056K, 0% used [0x00000000f8f00000,0x00000000f8f00000,0x00000000ff980000)
 ParOldGen       total 299520K, used 294141K [0x00000000c0000000, 0x00000000d2480000, 0x00000000eab00000)
  object space 299520K, 98% used [0x00000000c0000000,0x00000000d1f3f428,0x00000000d2480000)
 Metaspace       used 165617K, capacity 178772K, committed 179328K, reserved 1200128K
  class space    used 22871K, capacity 27487K, committed 27776K, reserved 1048576K
GC Heap History (10 events):
Event: 2183.666 GC heap after
Heap after GC invocations=87 (full 22):
 PSYoungGen      total 232960K, used 28163K [0x00000000eab00000, 0x0000000100000000, 0x0000000100000000)
  eden space 116736K, 0% used [0x00000000eab00000,0x00000000eab00000,0x00000000f1d00000)
  from space 116224K, 24% used [0x00000000f1d00000,0x00000000f3880cb0,0x00000000f8e80000)
  to   space 116224K, 0% used [0x00000000f8e80000,0x00000000f8e80000,0x0000000100000000)
 ParOldGen       total 299520K, used 267045K [0x00000000c0000000, 0x00000000d2480000, 0x00000000eab00000)
  object space 299520K, 89% used [0x00000000c0000000,0x00000000d04c9460,0x00000000d2480000)
 Metaspace       used 158192K, capacity 170536K, committed 171776K, reserved 1193984K
  class space    used 21872K, capacity 26132K, committed 26624K, reserved 1048576K
}
Event: 2184.754 GC heap before
{Heap before GC invocations=88 (full 22):
 PSYoungGen      total 232960K, used 144899K [0x00000000eab00000, 0x0000000100000000, 0x0000000100000000)
  eden space 116736K, 100% used [0x00000000eab00000,0x00000000f1d00000,0x00000000f1d00000)
  from space 116224K, 24% used [0x00000000f1d00000,0x00000000f3880cb0,0x00000000f8e80000)
  to   space 116224K, 0% used [0x00000000f8e80000,0x00000000f8e80000,0x0000000100000000)
 ParOldGen       total 299520K, used 267045K [0x00000000c0000000, 0x00000000d2480000, 0x00000000eab00000)
  object space 299520K, 89% used [0x00000000c0000000,0x00000000d04c9460,0x00000000d2480000)
 Metaspace       used 159786K, capacity 172562K, committed 173568K, reserved 1196032K
  class space    used 22062K, capacity 26489K, committed 26880K, reserved 1048576K
Event: 2184.795 GC heap after
Heap after GC invocations=88 (full 22):
 PSYoungGen      total 229888K, used 28082K [0x00000000eab00000, 0x00000000ffd00000, 0x0000000100000000)
  eden space 116736K, 0% used [0x00000000eab00000,0x00000000eab00000,0x00000000f1d00000)
  from space 113152K, 24% used [0x00000000f8e80000,0x00000000fa9eca08,0x00000000ffd00000)
  to   space 114688K, 0% used [0x00000000f1d00000,0x00000000f1d00000,0x00000000f8d00000)
 ParOldGen       total 299520K, used 274317K [0x00000000c0000000, 0x00000000d2480000, 0x00000000eab00000)
  object space 299520K, 91% used [0x00000000c0000000,0x00000000d0be3480,0x00000000d2480000)
 Metaspace       used 159786K, capacity 172562K, committed 173568K, reserved 1196032K
  class space    used 22062K, capacity 26489K, committed 26880K, reserved 1048576K
}
Event: 2185.217 GC heap before
{Heap before GC invocations=89 (full 22):
 PSYoungGen      total 229888K, used 144818K [0x00000000eab00000, 0x00000000ffd00000, 0x0000000100000000)
  eden space 116736K, 100% used [0x00000000eab00000,0x00000000f1d00000,0x00000000f1d00000)
  from space 113152K, 24% used [0x00000000f8e80000,0x00000000fa9eca08,0x00000000ffd00000)
  to   space 114688K, 0% used [0x00000000f1d00000,0x00000000f1d00000,0x00000000f8d00000)
 ParOldGen       total 299520K, used 274317K [0x00000000c0000000, 0x00000000d2480000, 0x00000000eab00000)
  object space 299520K, 91% used [0x00000000c0000000,0x00000000d0be3480,0x00000000d2480000)
 Metaspace       used 159786K, capacity 172562K, committed 173568K, reserved 1196032K
  class space    used 22062K, capacity 26489K, committed 26880K, reserved 1048576K
Event: 2185.240 GC heap after
Heap after GC invocations=89 (full 22):
 PSYoungGen      total 231424K, used 21408K [0x00000000eab00000, 0x00000000ffe80000, 0x0000000100000000)
  eden space 116736K, 0% used [0x00000000eab00000,0x00000000eab00000,0x00000000f1d00000)
  from space 114688K, 18% used [0x00000000f1d00000,0x00000000f31e8040,0x00000000f8d00000)
  to   space 113152K, 0% used [0x00000000f9000000,0x00000000f9000000,0x00000000ffe80000)
 ParOldGen       total 299520K, used 279757K [0x00000000c0000000, 0x00000000d2480000, 0x00000000eab00000)
  object space 299520K, 93% used [0x00000000c0000000,0x00000000d1133408,0x00000000d2480000)
 Metaspace       used 159786K, capacity 172562K, committed 173568K, reserved 1196032K
  class space    used 22062K, capacity 26489K, committed 26880K, reserved 1048576K
}
Event: 2185.598 GC heap before
{Heap before GC invocations=90 (full 22):
 PSYoungGen      total 231424K, used 138144K [0x00000000eab00000, 0x00000000ffe80000, 0x0000000100000000)
  eden space 116736K, 100% used [0x00000000eab00000,0x00000000f1d00000,0x00000000f1d00000)
  from space 114688K, 18% used [0x00000000f1d00000,0x00000000f31e8040,0x00000000f8d00000)
  to   space 113152K, 0% used [0x00000000f9000000,0x00000000f9000000,0x00000000ffe80000)
 ParOldGen       total 299520K, used 279757K [0x00000000c0000000, 0x00000000d2480000, 0x00000000eab00000)
  object space 299520K, 93% used [0x00000000c0000000,0x00000000d1133408,0x00000000d2480000)
 Metaspace       used 159786K, capacity 172562K, committed 173568K, reserved 1196032K
  class space    used 22062K, capacity 26489K, committed 26880K, reserved 1048576K
Event: 2185.617 GC heap after
Heap after GC invocations=90 (full 22):
 PSYoungGen      total 233472K, used 12880K [0x00000000eab00000, 0x00000000ffd80000, 0x0000000100000000)
  eden space 121344K, 0% used [0x00000000eab00000,0x00000000eab00000,0x00000000f2180000)
  from space 112128K, 11% used [0x00000000f9000000,0x00000000f9c94070,0x00000000ffd80000)
  to   space 112640K, 0% used [0x00000000f2180000,0x00000000f2180000,0x00000000f8f80000)
 ParOldGen       total 299520K, used 288769K [0x00000000c0000000, 0x00000000d2480000, 0x00000000eab00000)
  object space 299520K, 96% used [0x00000000c0000000,0x00000000d1a00418,0x00000000d2480000)
 Metaspace       used 159786K, capacity 172562K, committed 173568K, reserved 1196032K
  class space    used 22062K, capacity 26489K, committed 26880K, reserved 1048576K
}
Event: 2188.286 GC heap before
{Heap before GC invocations=91 (full 22):
 PSYoungGen      total 233472K, used 134224K [0x00000000eab00000, 0x00000000ffd80000, 0x0000000100000000)
  eden space 121344K, 100% used [0x00000000eab00000,0x00000000f2180000,0x00000000f2180000)
  from space 112128K, 11% used [0x00000000f9000000,0x00000000f9c94070,0x00000000ffd80000)
  to   space 112640K, 0% used [0x00000000f2180000,0x00000000f2180000,0x00000000f8f80000)
 ParOldGen       total 299520K, used 288769K [0x00000000c0000000, 0x00000000d2480000, 0x00000000eab00000)
  object space 299520K, 96% used [0x00000000c0000000,0x00000000d1a00418,0x00000000d2480000)
 Metaspace       used 165617K, capacity 178772K, committed 179328K, reserved 1200128K
  class space    used 22871K, capacity 27487K, committed 27776K, reserved 1048576K
Event: 2188.317 GC heap after
Heap after GC invocations=91 (full 22):
 PSYoungGen      total 146944K, used 25209K [0x00000000eab00000, 0x00000000ff980000, 0x0000000100000000)
  eden space 121344K, 0% used [0x00000000eab00000,0x00000000eab00000,0x00000000f2180000)
  from space 25600K, 98% used [0x00000000f2180000,0x00000000f3a1e748,0x00000000f3a80000)
  to   space 109056K, 0% used [0x00000000f8f00000,0x00000000f8f00000,0x00000000ff980000)
 ParOldGen       total 299520K, used 294141K [0x00000000c0000000, 0x00000000d2480000, 0x00000000eab00000)
  object space 299520K, 98% used [0x00000000c0000000,0x00000000d1f3f428,0x00000000d2480000)
 Metaspace       used 165617K, capacity 178772K, committed 179328K, reserved 1200128K
  class space    used 22871K, capacity 27487K, committed 27776K, reserved 1048576K
}
Event: 2188.317 GC heap before
{Heap before GC invocations=92 (full 23):
 PSYoungGen      total 146944K, used 25209K [0x00000000eab00000, 0x00000000ff980000, 0x0000000100000000)
  eden space 121344K, 0% used [0x00000000eab00000,0x00000000eab00000,0x00000000f2180000)
  from space 25600K, 98% used [0x00000000f2180000,0x00000000f3a1e748,0x00000000f3a80000)
  to   space 109056K, 0% used [0x00000000f8f00000,0x00000000f8f00000,0x00000000ff980000)
 ParOldGen       total 299520K, used 294141K [0x00000000c0000000, 0x00000000d2480000, 0x00000000eab00000)
  object space 299520K, 98% used [0x00000000c0000000,0x00000000d1f3f428,0x00000000d2480000)
 Metaspace       used 165617K, capacity 178772K, committed 179328K, reserved 1200128K
  class space    used 22871K, capacity 27487K, committed 27776K, reserved 1048576K

